<?xml version="1.0" encoding="UTF-8"?>
<!-- Generated by org.testng.reporters.JUnitReportReporter -->
<testsuite hostname="VAMSHI" failures="0" tests="1" name="com.newframework.saucelabs.loginwithEmptyFields" time="0.822" errors="0" timestamp="2025-04-08T00:51:46 IST" skipped="0">
  <testcase classname="com.newframework.saucelabs.loginwithEmptyFields" name="loginwithoutCredentials" time="0.822"/>
  <system-out/>
</testsuite> <!-- com.newframework.saucelabs.loginwithEmptyFields -->
