<?xml version="1.0" encoding="UTF-8"?>
<!-- Generated by org.testng.reporters.JUnitReportReporter -->
<testsuite hostname="VAMSHI" failures="0" tests="1" name="com.newframework.saucelabs.cartTestcases.backToInventory" time="7.783" errors="0" timestamp="2025-04-22T16:28:05 IST" skipped="0">
  <testcase classname="com.newframework.saucelabs.cartTestcases.backToInventory" name="toContinueShopping" time="7.783"/>
  <system-out/>
</testsuite> <!-- com.newframework.saucelabs.cartTestcases.backToInventory -->
