<?xml version="1.0" encoding="UTF-8"?>
<!-- Generated by org.testng.reporters.JUnitReportReporter -->
<testsuite hostname="VAMSHI" failures="0" tests="1" name="com.newframework.saucelabs.checkOutFlow.firstNameErrorMssg" time="4.591" errors="0" timestamp="2025-04-26T22:06:19 IST" skipped="0">
  <testcase classname="com.newframework.saucelabs.checkOutFlow.firstNameErrorMssg" name="verifyFirstNameErrorMssg" time="4.591"/>
  <system-out/>
</testsuite> <!-- com.newframework.saucelabs.checkOutFlow.firstNameErrorMssg -->
