<?xml version="1.0" encoding="UTF-8"?>
<!-- Generated by org.testng.reporters.JUnitReportReporter -->
<testsuite hostname="VAMSHI" failures="0" tests="1" name="com.newframework.saucelabs.loginwithOnlyPwd" time="0.859" errors="0" timestamp="2025-04-08T00:51:46 IST" skipped="0">
  <testcase classname="com.newframework.saucelabs.loginwithOnlyPwd" name="pwdOnly" time="0.859"/>
  <system-out/>
</testsuite> <!-- com.newframework.saucelabs.loginwithOnlyPwd -->
