<?xml version="1.0" encoding="UTF-8"?>
<!-- Generated by org.testng.reporters.JUnitReportReporter -->
<testsuite hostname="VAMSHI" failures="0" tests="1" name="com.newframework.saucelabs.cartTestcases.backToInventory" time="7.349" errors="0" timestamp="2025-04-21T20:24:50 IST" skipped="0">
  <testcase classname="com.newframework.saucelabs.cartTestcases.backToInventory" name="toContinueShopping" time="7.349"/>
  <system-out/>
</testsuite> <!-- com.newframework.saucelabs.cartTestcases.backToInventory -->
