<?xml version="1.0" encoding="UTF-8"?>
<!-- Generated by org.testng.reporters.JUnitReportReporter -->
<testsuite hostname="VAMSHI" failures="0" tests="1" name="com.newframework.saucelabs.cartTestcases.removeItemsInCart" time="7.680" errors="0" timestamp="2025-04-21T19:16:04 IST" skipped="0">
  <testcase classname="com.newframework.saucelabs.cartTestcases.removeItemsInCart" name="removeItemsInCart" time="7.680"/>
  <system-out/>
</testsuite> <!-- com.newframework.saucelabs.cartTestcases.removeItemsInCart -->
