<?xml version="1.0" encoding="UTF-8"?>
<!-- Generated by org.testng.reporters.JUnitReportReporter -->
<testsuite hostname="VAMSHI" failures="0" tests="1" name="com.newframework.saucelabs.cartTestcases.navigateToCart" time="4.613" errors="0" timestamp="2025-04-22T16:28:05 IST" skipped="0">
  <testcase classname="com.newframework.saucelabs.cartTestcases.navigateToCart" name="navToCart" time="4.613"/>
  <system-out/>
</testsuite> <!-- com.newframework.saucelabs.cartTestcases.navigateToCart -->
