<?xml version="1.0" encoding="UTF-8"?>
<!-- Generated by org.testng.reporters.JUnitReportReporter -->
<testsuite hostname="VAMSHI" failures="0" tests="1" name="com.newframework.saucelabs.loginwithOnlyUsername" time="1.134" errors="0" timestamp="2025-04-08T00:51:46 IST" skipped="0">
  <testcase classname="com.newframework.saucelabs.loginwithOnlyUsername" name="usernameOnly" time="1.134"/>
  <system-out/>
</testsuite> <!-- com.newframework.saucelabs.loginwithOnlyUsername -->
