<?xml version="1.0" encoding="UTF-8"?>
<!-- Generated by org.testng.reporters.JUnitReportReporter -->
<testsuite hostname="VAMSHI" failures="0" tests="1" name="com.newframework.saucelabs.loginSauceLabs" time="1.913" errors="0" timestamp="2025-04-07T23:44:30 IST" skipped="0">
  <testcase classname="com.newframework.saucelabs.loginSauceLabs" name="login" time="1.913"/>
  <system-out/>
</testsuite> <!-- com.newframework.saucelabs.loginSauceLabs -->
