<?xml version="1.0" encoding="UTF-8"?>
<!-- Generated by org.testng.reporters.JUnitReportReporter -->
<testsuite hostname="VAMSHI" failures="0" tests="1" name="com.newframework.saucelabs.logintestcases.loginwithEmptyFields" time="0.877" errors="0" timestamp="2025-04-26T22:06:18 IST" skipped="0">
  <testcase classname="com.newframework.saucelabs.logintestcases.loginwithEmptyFields" name="loginwithoutCredentials" time="0.877"/>
  <system-out/>
</testsuite> <!-- com.newframework.saucelabs.logintestcases.loginwithEmptyFields -->
