<?xml version="1.0" encoding="UTF-8"?>
<!-- Generated by org.testng.reporters.JUnitReportReporter -->
<testsuite hostname="VAMSHI" failures="0" tests="1" name="com.newframework.saucelabs.inventoryTestcases.sortHighToLow" time="4.592" errors="0" timestamp="2025-04-17T20:40:05 IST" skipped="0">
  <testcase classname="com.newframework.saucelabs.inventoryTestcases.sortHighToLow" name="sortHighToLow" time="4.592"/>
  <system-out/>
</testsuite> <!-- com.newframework.saucelabs.inventoryTestcases.sortHighToLow -->
