<?xml version="1.0" encoding="UTF-8"?>
<!-- Generated by org.testng.reporters.JUnitReportReporter -->
<testsuite hostname="VAMSHI" failures="0" tests="1" name="com.newframework.sampleTestCases.browserOpening" time="2.578" errors="0" timestamp="2025-04-08T00:51:46 IST" skipped="0">
  <testcase classname="com.newframework.sampleTestCases.browserOpening" name="openBrowser" time="2.578"/>
  <system-out/>
</testsuite> <!-- com.newframework.sampleTestCases.browserOpening -->
