<?xml version="1.0" encoding="UTF-8"?>
<!-- Generated by org.testng.reporters.JUnitReportReporter -->
<testsuite hostname="VAMSHI" failures="0" tests="1" name="com.newframework.saucelabs.cartTestcases.checkOut" time="5.053" errors="0" timestamp="2025-04-21T21:41:49 IST" skipped="0">
  <testcase classname="com.newframework.saucelabs.cartTestcases.checkOut" name="verifyCheckOut" time="5.053"/>
  <system-out/>
</testsuite> <!-- com.newframework.saucelabs.cartTestcases.checkOut -->
