<?xml version="1.0" encoding="UTF-8"?>
<!-- Generated by org.testng.reporters.JUnitReportReporter -->
<testsuite hostname="VAMSHI" failures="0" tests="1" name="com.newframework.saucelabs.inventoryTestcases.sortProducts" time="4.378" errors="0" timestamp="2025-04-13T11:14:54 IST" skipped="0">
  <testcase classname="com.newframework.saucelabs.inventoryTestcases.sortProducts" name="sortAtoZ" time="4.378"/>
  <system-out/>
</testsuite> <!-- com.newframework.saucelabs.inventoryTestcases.sortProducts -->
