<?xml version="1.0" encoding="UTF-8"?>
<!-- Generated by org.testng.reporters.JUnitReportReporter -->
<testsuite hostname="VAMSHI" failures="0" tests="1" name="com.newframework.saucelabs.checkOutFlow.zipCodeErrorMssg" time="14.035" errors="0" timestamp="2025-04-26T22:06:18 IST" skipped="0">
  <testcase classname="com.newframework.saucelabs.checkOutFlow.zipCodeErrorMssg" name="verifyCheckOutwitValidData" time="14.035"/>
  <system-out/>
</testsuite> <!-- com.newframework.saucelabs.checkOutFlow.zipCodeErrorMssg -->
