<?xml version="1.0" encoding="UTF-8"?>
<!-- Generated by org.testng.reporters.JUnitReportReporter -->
<testsuite hostname="VAMSHI" failures="0" tests="1" name="com.newframework.saucelabs.inventoryTestcases.addMultipleProducts" time="13.588" errors="0" timestamp="2025-04-17T20:40:05 IST" skipped="0">
  <testcase classname="com.newframework.saucelabs.inventoryTestcases.addMultipleProducts" name="addMultipleProductsToCart" time="13.588"/>
  <system-out/>
</testsuite> <!-- com.newframework.saucelabs.inventoryTestcases.addMultipleProducts -->
