<?xml version="1.0" encoding="UTF-8"?>
<!-- Generated by org.testng.reporters.JUnitReportReporter -->
<testsuite hostname="VAMSHI" failures="0" tests="1" name="com.newframework.saucelabs.inventoryTestcases.removeProductFromCart" time="7.293" errors="0" timestamp="2025-04-21T00:28:26 IST" skipped="0">
  <testcase classname="com.newframework.saucelabs.inventoryTestcases.removeProductFromCart" name="removeProduct" time="7.293"/>
  <system-out/>
</testsuite> <!-- com.newframework.saucelabs.inventoryTestcases.removeProductFromCart -->
